{
  "0 debug pnpm:scope": {
    "selected": 1
  },
  "1 debug pnpm:update-check": {
    "currentVersion": "6.15.0",
    "latestVersion": "6.24.3"
  },
  "2 error pnpm": {
    "errno": 1,
    "code": "ELIFECYCLE",
    "pkgid": "whale-db-tool@0.0.0",
    "stage": "dev",
    "script": "vite",
    "pkgname": "whale-db-tool",
    "err": {
      "name": "pnpm",
      "message": "whale-db-tool@0.0.0 dev: `vite`\nExit status 1",
      "code": "ELIFECYCLE",
      "stack": "pnpm: whale-db-tool@0.0.0 dev: `vite`\nExit status 1\n    at EventEmitter.<anonymous> (C:\\Users\\Little Time\\AppData\\Roaming\\npm\\pnpm-global\\5\\node_modules\\.pnpm\\registry.nlark.com+pnpm@6.15.0\\node_modules\\pnpm\\dist\\pnpm.cjs:104580:20)\n    at EventEmitter.emit (events.js:315:20)\n    at ChildProcess.<anonymous> (C:\\Users\\Little Time\\AppData\\Roaming\\npm\\pnpm-global\\5\\node_modules\\.pnpm\\registry.nlark.com+pnpm@6.15.0\\node_modules\\pnpm\\dist\\pnpm.cjs:92569:18)\n    at ChildProcess.emit (events.js:315:20)\n    at maybeClose (internal/child_process.js:1048:16)\n    at Process.ChildProcess._handle.onexit (internal/child_process.js:288:5)"
    }
  },
  "3 warn pnpm:global": " Local package.json exists, but node_modules missing, did you mean to install?"
}